2022-08-03 14:19:25,579 INFO  [Log] application open 
2022-08-03 14:19:27,653 INFO  [Log] application open 
2022-08-03 14:19:31,725 INFO  [Log] application open 
2022-08-03 14:19:31,869 INFO  [Log] application open 
2022-08-03 14:31:50,907 INFO  [Log] application open 
2022-08-03 14:31:53,276 INFO  [Log] application open 
2022-08-03 14:31:57,029 INFO  [Log] application open 
2022-08-03 14:31:57,194 INFO  [Log] application open 
2022-08-03 14:49:13,233 INFO  [Log] application open 
2022-08-03 14:49:21,608 INFO  [Log] application open 
2022-08-03 14:49:28,161 INFO  [Log] application open 
2022-08-03 15:02:29,389 INFO  [Log] application open 
2022-08-03 15:02:31,472 INFO  [Log] application open 
2022-08-03 15:02:35,219 INFO  [Log] application open 
2022-08-03 15:02:35,363 INFO  [Log] application open 
2022-08-03 15:02:56,704 INFO  [Log] application open 
2022-08-03 15:02:58,866 INFO  [Log] application open 
2022-08-03 15:03:01,232 INFO  [Log] application open 
2022-08-03 15:03:01,445 INFO  [Log] application open 
2022-08-03 15:03:04,611 INFO  [Log] application open 
2022-08-03 15:03:08,445 INFO  [Log] application open 
2022-08-03 15:03:12,210 INFO  [Log] application open 
2022-08-03 15:03:12,416 INFO  [Log] application open 
2022-08-03 15:10:02,843 INFO  [Log] application open 
2022-08-03 15:10:50,352 INFO  [Log] application open 
2022-08-03 15:20:42,364 INFO  [Log] application open 
2022-08-03 15:20:44,368 INFO  [Log] application open 
2022-08-03 15:21:30,261 INFO  [Log] application open 
2022-08-03 15:21:30,368 INFO  [Log] application open 
2022-08-03 15:21:41,072 INFO  [Log] application open 
2022-08-03 15:23:47,475 INFO  [Log] application open 
2022-08-03 15:25:02,688 INFO  [Log] application open 
2022-08-03 15:25:48,281 INFO  [Log] application open 
2022-08-03 15:25:48,420 INFO  [Log] application open 
2022-08-03 15:25:54,303 INFO  [Log] application open 
2022-08-03 15:25:57,654 INFO  [Log] application open 
2022-08-03 15:26:33,146 INFO  [Log] application open 
2022-08-03 15:26:33,306 INFO  [Log] application open 
2022-08-03 15:26:36,454 INFO  [Log] application open 
2022-08-03 15:26:39,996 INFO  [Log] application open 
2022-08-03 15:26:58,587 INFO  [Log] application open 
2022-08-03 15:26:58,799 INFO  [Log] application open 
2022-08-03 15:35:44,286 INFO  [Log] application opened 
2022-08-03 15:35:49,284 INFO  [Log] application opened 
2022-08-03 15:36:00,279 INFO  [Log] application opened 
2022-08-03 15:36:00,439 INFO  [Log] application opened 
2022-08-03 15:36:05,957 INFO  [Log] application opened 
2022-08-03 15:36:10,476 INFO  [Log] application opened 
2022-08-03 15:36:13,538 INFO  [Log] application opened 
2022-08-03 15:36:13,703 INFO  [Log] application opened 
2022-08-03 15:36:16,872 INFO  [Log] application opened 
2022-08-03 15:36:20,482 INFO  [Log] application opened 
2022-08-03 15:36:39,268 INFO  [Log] application opened 
2022-08-03 15:36:39,409 INFO  [Log] application opened 
2022-08-03 15:47:54,387 INFO  [Log] application opened 
2022-08-03 15:48:19,392 INFO  [Log] application opened 
2022-08-03 15:50:33,556 INFO  [Log] application opened 
2022-08-03 15:50:33,701 INFO  [Log] application opened 
2022-08-03 15:50:46,048 INFO  [Log] application opened 
2022-08-03 15:50:53,214 INFO  [Log] application opened 
2022-08-03 15:51:02,435 INFO  [Log] application opened 
2022-08-03 15:51:02,582 INFO  [Log] application opened 
2022-08-03 15:51:05,730 INFO  [Log] application opened 
2022-08-03 15:51:09,287 INFO  [Log] application opened 
2022-08-03 15:51:26,848 INFO  [Log] application opened 
2022-08-03 15:51:26,997 INFO  [Log] application opened 
2022-08-03 15:58:09,317 INFO  [Log] application opened12345678 
2022-08-03 15:58:19,625 INFO  [Log] application opened12345678 
2022-08-03 15:58:27,882 INFO  [Log] application opened12345678 
2022-08-03 15:58:28,053 INFO  [Log] application opened12345678 
2022-08-03 15:58:31,241 INFO  [Log] application opened12345678 
2022-08-03 15:58:34,793 INFO  [Log] application opened12345678 
2022-08-03 15:58:43,275 INFO  [Log] application opened12345678 
2022-08-03 15:58:43,455 INFO  [Log] application opened12345678 
2022-08-03 16:03:26,305 INFO  [Log] application opened 
2022-08-03 16:03:35,141 INFO  [Log] log in completed 
2022-08-03 16:03:44,359 INFO  [Log] log out completed 
2022-08-03 16:03:56,899 INFO  [Log] application closed 
2022-08-03 16:04:06,584 INFO  [Log] application opened 
2022-08-03 16:04:10,650 INFO  [Log] log in completed 
2022-08-03 16:04:13,650 INFO  [Log] edit completed 
2022-08-03 16:04:13,809 INFO  [Log] clear employee firstname 
2022-08-03 16:04:16,990 INFO  [Log] clear employee lastname 
2022-08-03 16:04:20,548 INFO  [Log] enter firstname and lastname 
2022-08-03 16:04:24,784 INFO  [Log] log out completed 
2022-08-03 16:04:24,948 INFO  [Log] application closed 
2022-08-04 15:43:10,827 INFO  [Log] application opened 
2022-08-04 15:43:17,113 INFO  [Log] log in completed 
2022-08-04 15:43:26,420 INFO  [Log] log out completed 
2022-08-04 15:43:32,453 INFO  [Log] application closed 
2022-08-04 15:43:40,047 INFO  [Log] application opened 
2022-08-04 15:43:44,236 INFO  [Log] log in completed 
2022-08-04 15:43:46,289 INFO  [Log] edit completed 
2022-08-04 15:43:46,456 INFO  [Log] clear employee firstname 
2022-08-04 15:43:49,609 INFO  [Log] clear employee lastname 
2022-08-04 15:43:53,217 INFO  [Log] enter firstname and lastname 
2022-08-04 15:43:57,317 INFO  [Log] log out completed 
2022-08-04 15:43:57,458 INFO  [Log] application closed 
2022-08-05 13:43:46,822 INFO  [Log] application opened 
2022-08-05 13:43:49,908 INFO  [Log] log in completed 
2022-08-05 13:43:56,730 INFO  [Log] log out completed 
2022-08-05 13:43:57,127 INFO  [Log] application closed 
2022-08-05 13:44:02,819 INFO  [Log] application opened 
2022-08-05 13:44:04,521 INFO  [Log] log in completed 
2022-08-05 13:44:06,849 INFO  [Log] edit completed 
2022-08-05 13:44:07,069 INFO  [Log] clear employee firstname   
2022-08-05 13:44:10,226 INFO  [Log] clear employee lastname 
2022-08-05 13:44:13,991 INFO  [Log] enter firstname and lastname 
2022-08-05 13:44:18,139 INFO  [Log] log out completed 
2022-08-05 13:44:18,487 INFO  [Log] application closed 
2022-08-05 15:17:25,333 INFO  [Log] application opened 
2022-08-05 15:17:28,945 INFO  [Log] log in completed 
2022-08-05 15:27:37,112 INFO  [Log] application opened 
2022-08-05 15:27:39,534 INFO  [Log] log in completed 
2022-08-05 15:27:42,262 INFO  [Log] id displayed 
2022-08-08 18:35:54,250 INFO  [Log] application opened 
2022-08-08 18:35:56,134 INFO  [Log] log in completed 
2022-08-08 18:36:01,314 INFO  [Log] log out completed 
2022-08-08 18:36:01,468 INFO  [Log] application closed 
2022-08-19 14:20:42,224 INFO  [Log] application opened 
2022-08-19 14:20:46,071 INFO  [Log] log in completed 
2022-08-19 14:20:49,193 INFO  [Log] id displayed 
2022-08-22 14:30:22,293 INFO  [Log] application opened 
2022-08-22 14:30:25,110 INFO  [Log] log in completed 
2022-08-22 14:30:33,539 INFO  [Log] log out completed 
2022-08-22 14:30:33,939 INFO  [Log] application closed 
